*** Using Compiler 'V5.06 update 7 (build 960)', folder: 'D:\Keil5\Core\ARM\ARMCC\Bin'
Build target 'default'
assembling startup_stm32f10x_md.s...
compiling stm32f10x_dac.c...
compiling system_stm32f10x.c...
compiling main.c...
compiling stm32f10x_crc.c...
compiling stm32f10x_cec.c...
compiling stm32f10x_dbgmcu.c...
compiling misc.c...
compiling stm32f10x_dma.c...
compiling stm32f10x_it.c...
compiling stm32f10x_bkp.c...
compiling stm32f10x_exti.c...
compiling stm32f10x_can.c...
compiling stm32f10x_adc.c...
compiling stm32f10x_flash.c...
compiling stm32f10x_fsmc.c...
compiling stm32f10x_gpio.c...
compiling stm32f10x_i2c.c...
compiling stm32f10x_iwdg.c...
compiling stm32f10x_pwr.c...
compiling stm32f10x_rcc.c...
compiling stm32f10x_sdio.c...
compiling stm32f10x_spi.c...
compiling stm32f10x_wwdg.c...
compiling stm32f10x_rtc.c...
compiling stm32f10x_usart.c...
compiling stm32f10x_tim.c...
compiling delay.c...
compiling usart.c...
compiling i2c.c...
compiling oled.c...
compiling si2c.c...
compiling spi.c...
compiling button.c...
linking...
Program Size: Code=508 RO-data=268 RW-data=12 ZI-data=4100  
FromELF: creating hex file...
".\Objects\template.axf" - 0 Error(s), 0 Warning(s).
Build Time Elapsed:  00:00:04
